           1
         150
  
  0.1000000000000E+00   0.5307862025432E-43
  0.1317944000000E+00   0.6142771476176E-64
  0.1736977000000E+00   0.1045705150534E-35
  0.2289238000000E+00   0.6633191924116E-43
  0.3017088000000E+00   0.2537896223504E-44
  0.3976354000000E+00   0.1345918355159E-49
  0.5240612000000E+00   0.3520661456638E-26
  0.6906834000000E+00   0.1020726490131E-34
  0.9102821000000E+00   0.1441173762299E-24
  0.1199701000000E+01   0.2095058714094E-24
  0.1581139000000E+01   0.1182349145604E-23
  0.2083853000000E+01   0.2257310132061E-23
  0.2746401000000E+01   0.1362304126103E-23
  0.3619604000000E+01   0.6826277769941E-24
  0.4770435000000E+01   0.8632253654876E-24
  0.6287167000000E+01   0.5845175011966E-24
  0.8286135000000E+01   0.1580696019754E-24
  0.1092066000000E+02   0.9508254341765E-26
  0.1439282000000E+02   0.5836948218596E-25
  0.1896894000000E+02   0.1979938190675E-23
  0.2500000000000E+02   0.2497893366342E-22
  0.2699438000000E+02   0.4198837683628E-22
  0.2914786000000E+02   0.9224725999079E-22
  0.3147314000000E+02   0.1110787881861E-21
  0.3398391000000E+02   0.1805448300139E-21
  0.3669498000000E+02   0.3410985893385E-21
  0.3962233000000E+02   0.5766071094598E-21
  0.4278321000000E+02   0.6723803326439E-21
  0.4619624000000E+02   0.8121354160819E-21
  0.4988156000000E+02   0.1215475319091E-20
  0.5386087000000E+02   0.9606235421543E-21
  0.5815763000000E+02   0.1644883353514E-20
  0.6279716000000E+02   0.2253858425953E-20
  0.6780681000000E+02   0.2118624680330E-20
  0.7321611000000E+02   0.2841787094258E-20
  0.7905694000000E+02   0.2053345702864E-20
  0.8536372000000E+02   0.2379947723083E-20
  0.9217363000000E+02   0.2907098159216E-20
  0.9952679000000E+02   0.3077895457166E-20
  0.1074666000000E+03   0.3511483536387E-20
  0.1160397000000E+03   0.2214419038855E-20
  0.1252968000000E+03   0.2808307600077E-20
  0.1352924000000E+03   0.2318734479845E-20
  0.1460854000000E+03   0.3049198712770E-20
  0.1577393000000E+03   0.2757146600465E-20
  0.1703230000000E+03   0.3609124090663E-20
  0.1839106000000E+03   0.2451293328576E-20
  0.1985821000000E+03   0.3290040040463E-20
  0.2144240000000E+03   0.2488388735237E-20
  0.2315297000000E+03   0.2813578192641E-20
  0.2500000000000E+03   0.2234953211392E-20
  0.2594911000000E+03   0.2136257473280E-20
  0.2693425000000E+03   0.2669538009403E-20
  0.2795679000000E+03   0.2499380355837E-20
  0.2901815000000E+03   0.2086222421888E-20
  0.3011980000000E+03   0.2067315496950E-20
  0.3126328000000E+03   0.2333314645270E-20
  0.3245017000000E+03   0.1696068969913E-20
  0.3368212000000E+03   0.1714264222589E-20
  0.3496084000000E+03   0.1833256626166E-20
  0.3628810000000E+03   0.1465936246776E-20
  0.3766575000000E+03   0.1293553812241E-20
  0.3909571000000E+03   0.1122716148508E-20
  0.4057995000000E+03   0.1005134556045E-20
  0.4212054000000E+03   0.8126788516747E-21
  0.4371962000000E+03   0.1134167427560E-20
  0.4537940000000E+03   0.7680800303754E-21
  0.4710220000000E+03   0.1015331400253E-20
  0.4889041000000E+03   0.7884594058778E-21
  0.5074650000000E+03   0.6748567159293E-21
  0.5267305000000E+03   0.6015915383394E-21
  0.5467275000000E+03   0.6718162758196E-21
  0.5674836000000E+03   0.3500384087970E-21
  0.5890278000000E+03   0.2546736137565E-21
  0.6113898000000E+03   0.3943741149959E-21
  0.6346008000000E+03   0.4090786840831E-21
  0.6586930000000E+03   0.6044165168116E-21
  0.6836998000000E+03   0.4200121244214E-21
  0.7096560000000E+03   0.5105460414101E-21
  0.7365976000000E+03   0.2983687808849E-21
  0.7645620000000E+03   0.3020654767383E-21
  0.7935881000000E+03   0.2398880482659E-21
  0.8237162000000E+03   0.2932711489649E-21
  0.8549880000000E+03   0.2260103802463E-21
  0.8874470000000E+03   0.2052681886137E-21
  0.9211383000000E+03   0.1494370807504E-21
  0.9561087000000E+03   0.1733782932031E-21
  0.9924067000000E+03   0.1461477040119E-21
  0.1030083000000E+04   0.1165741860334E-21
  0.1069189000000E+04   0.8957391807311E-22
  0.1109780000000E+04   0.9411326161975E-22
  0.1151912000000E+04   0.8253173854619E-22
  0.1195644000000E+04   0.7003972392606E-22
  0.1241036000000E+04   0.6471304476329E-22
  0.1288151000000E+04   0.6300146093192E-22
  0.1337054000000E+04   0.5731847580775E-22
  0.1387815000000E+04   0.5543944387225E-22
  0.1440502000000E+04   0.4418247201860E-22
  0.1495190000000E+04   0.4402392509580E-22
  0.1551954000000E+04   0.3709982338481E-22
  0.1610873000000E+04   0.3579546024186E-22
  0.1672028000000E+04   0.3200842378518E-22
  0.1735506000000E+04   0.2855831035192E-22
  0.1801393000000E+04   0.2661565056308E-22
  0.1869782000000E+04   0.2350424564886E-22
  0.1940767000000E+04   0.2104066024073E-22
  0.2014447000000E+04   0.1872073859785E-22
  0.2090924000000E+04   0.1648477372198E-22
  0.2170304000000E+04   0.1477965920604E-22
  0.2252698000000E+04   0.1317565362202E-22
  0.2338220000000E+04   0.1145749387521E-22
  0.2426989000000E+04   0.1062464065668E-22
  0.2519128000000E+04   0.9527739756522E-23
  0.2614765000000E+04   0.8323685014228E-23
  0.2714033000000E+04   0.7449603508647E-23
  0.2817070000000E+04   0.6497531605659E-23
  0.2924018000000E+04   0.5631611197025E-23
  0.3035026000000E+04   0.4974104572459E-23
  0.3150249000000E+04   0.4363174203225E-23
  0.3269846000000E+04   0.3776610082856E-23
  0.3393983000000E+04   0.3344852264706E-23
  0.3522834000000E+04   0.2949555818405E-23
  0.3656576000000E+04   0.2604091975759E-23
  0.3795395000000E+04   0.2262839110826E-23
  0.3939485000000E+04   0.1988947509677E-23
  0.4089044000000E+04   0.1733245993399E-23
  0.4244282000000E+04   0.1513405993538E-23
  0.4405413000000E+04   0.1316800594054E-23
  0.4572662000000E+04   0.1150714204311E-23
  0.4746260000000E+04   0.1000439869477E-23
  0.4926448000000E+04   0.8737231131175E-24
  0.5113478000000E+04   0.7605157548723E-24
  0.5307607000000E+04   0.6634572263732E-24
  0.5509107000000E+04   0.5752621568286E-24
  0.5718257000000E+04   0.4997303665367E-24
  0.5935346000000E+04   0.4345209200509E-24
  0.6160678000000E+04   0.3769157162728E-24
  0.6394564000000E+04   0.3267815607300E-24
  0.6637329000000E+04   0.2834999707067E-24
  0.6889310000000E+04   0.2455313264517E-24
  0.7150858000000E+04   0.2127278275439E-24
  0.7422336000000E+04   0.1842532108789E-24
  0.7704120000000E+04   0.1592725597401E-24
  0.7996602000000E+04   0.1378123417145E-24
  0.8300187000000E+04   0.1191806001953E-24
  0.8615298000000E+04   0.1029814777260E-24
  0.8942372000000E+04   0.8903731173872E-25
  0.9281863000000E+04   0.7693114225504E-25
  0.9634243000000E+04   0.6644744590581E-25
  0.1000000000000E+05   0.5742472975354E-25
