Checking the number of processors available...
1
Architecture:          x86_64
CPU op-mode(s):        32-bit, 64-bit
Byte Order:            Little Endian
CPU(s):                64
On-line CPU(s) list:   0-63
Thread(s) per core:    2
Core(s) per socket:    16
Socket(s):             2
NUMA node(s):          2
Vendor ID:             GenuineIntel
CPU family:            6
Model:                 85
Model name:            Intel(R) Xeon(R) Silver 4216 CPU @ 2.10GHz
Stepping:              7
CPU MHz:               2100.000
BogoMIPS:              4200.00
Virtualization:        VT-x
L1d cache:             32K
L1i cache:             32K
L2 cache:              1024K
L3 cache:              22528K
NUMA node0 CPU(s):     0,2,4,6,8,10,12,14,16,18,20,22,24,26,28,30,32,34,36,38,40,42,44,46,48,50,52,54,56,58,60,62
NUMA node1 CPU(s):     1,3,5,7,9,11,13,15,17,19,21,23,25,27,29,31,33,35,37,39,41,43,45,47,49,51,53,55,57,59,61,63
Flags:                 fpu vme de pse tsc msr pae mce cx8 apic sep mtrr pge mca cmov pat pse36 clflush dts acpi mmx fxsr sse sse2 ss ht tm pbe syscall nx pdpe1gb rdtscp lm constant_tsc art arch_perfmon pebs bts rep_good nopl xtopology nonstop_tsc aperfmperf eagerfpu pni pclmulqdq dtes64 monitor ds_cpl vmx smx est tm2 ssse3 fma cx16 xtpr pdcm pcid dca sse4_1 sse4_2 x2apic movbe popcnt tsc_deadline_timer aes xsave avx f16c rdrand lahf_lm abm 3dnowprefetch epb cat_l3 cdp_l3 intel_pt tpr_shadow vnmi flexpriority ept vpid fsgsbase tsc_adjust bmi1 hle avx2 smep bmi2 erms invpcid rtm cqm mpx rdt_a avx512f avx512dq rdseed adx smap clflushopt clwb avx512cd avx512bw avx512vl xsaveopt xsavec xgetbv1 cqm_llc cqm_occup_llc cqm_mbm_total cqm_mbm_local dtherm ida arat pln pts
[0.7        0.69945313 0.69890625 0.69835937 0.6978125  0.69726562
 0.69671875 0.695625   0.69453125 0.6934375  0.69125    0.6890625
 0.686875   0.6825     0.678125   0.67375    0.665      0.65625
 0.6475     0.63875    0.63       0.62125    0.6125     0.60375
 0.595      0.58625    0.5775     0.56875    0.56       0.55125
 0.5425     0.53375    0.525      0.51625    0.5075     0.49875
 0.49       0.48125    0.4725     0.46375    0.455      0.44625
 0.4375     0.42875    0.42       0.41125    0.4025     0.39375
 0.385      0.37625    0.3675     0.35875    0.35       0.34125
 0.3325     0.32375    0.315      0.30625    0.2975     0.28875
 0.28       0.27125    0.2625     0.25375    0.245      0.23625
 0.2275     0.21875    0.21       0.20125    0.1925     0.18375
 0.175      0.16625    0.1575     0.14875    0.14       0.13125
 0.1225     0.11375    0.105      0.09625    0.0875     0.07875
 0.07       0.06125    0.0525     0.04375    0.035      0.02625
 0.0175     0.00875    0.        ]
the number of phi grid cells are 200
The number of theta grid cells are 92
  
 ================================================================
      WELCOME TO RADMC-3D: A 3-D CONTINUUM AND LINE RT SOLVER    
                                                                 
                          VERSION 2.0                            
                                                                 
                (c) 2008-2023 Cornelis Dullemond                 
                                                                 
       Please feel free to ask questions. Also please report     
        bugs and/or suspicious behavior without hestitation.     
      The reliability of this code depends on your vigilance!    
                    dullemond@uni-heidelberg.de                  
                                                                 
   To keep up-to-date with bug-alarms and bugfixes, follow the   
                     RADMC-3D code on github                     
             https://github.com/dullemond/radmc3d-2.0            
                                                                 
              Please visit the RADMC-3D home page at             
  http://www.ita.uni-heidelberg.de/~dullemond/software/radmc-3d/ 
 ================================================================
  
 Number of processors:            1
 Number of threads in use:            1
 Reading global frequencies/wavelengths...
 Reading grid file and prepare grid tree...
    Adjusting theta(ny+1) to exactly pi/2...
    Adjusting phi(nz+1) to exactly 2*pi...
 Reading star data...
 Notice: Found a star inside the spherical coordinate grid.
         That is perfectly fine, just be aware of this.
 Note: Please be aware that you treat the star(s) as
       point source(s) while using spherical coordinate mode.
       Since R_*<<R_in this is probably OK, but if you want
       to play safe, then set istar_sphere = 1 in radmc3d.inp.
 Note: Star 1 is taken to be a blackbody star
       at a temperature T = 7650. Kelvin
 Note: Star 2 is taken to be a blackbody star
       at a temperature T = 1200. Kelvin
 Grid information (current status):
   We have 1840000 branches, of which 1840000 are actual grid cells.
   ---> 100.000% mem use for branches, and 100.000% mem use for actual cells.
   No grid refinement is active. The AMR tree is not allocated (this saves memory).
 Reading the heat source spatial distribution...
 Using mirror symmetry in equatorial plane, because max(theta)==pi/2.
 Beware: The OpenMP-parallel acceleration of RADMC-3D has 
         not yet been tested with all of the modes and
         features that RADMC-3D offers. Please check 
         your parallel results against the serial version
         (i.e. compiling without -fopenmp). 
 Reading dust data...
 Reading dust densities...
 Dust mass in species            1  =    1.4701755458144509E-005  Msun
 Dust mass in species            2  =    1.4621357214018289E-003  Msun
 Dust mass total =    1.4768374768599733E-003  Msun
 Using dust scattering mode            1
 Computing emissivity database...
 Computing total input luminosities...
 Modified Random Walk mode is switched ON
  
 Starting the thermal Monte Carlo simulation....
 Thread Nr           0 of           1 threads in total
 Thread:           0 Photon nr:                 1000
 Thread:           0 Photon nr:                 2000
 Thread:           0 Photon nr:                 3000
 Thread:           0 Photon nr:                 4000
 Thread:           0 Photon nr:                 5000
 Thread:           0 Photon nr:                 6000
 Thread:           0 Photon nr:                 7000
 Thread:           0 Photon nr:                 8000
 Thread:           0 Photon nr:                 9000
 Thread:           0 Photon nr:                10000
 Thread:           0 Photon nr:                11000
 Thread:           0 Photon nr:                12000
 Thread:           0 Photon nr:                13000
 Thread:           0 Photon nr:                14000
 Thread:           0 Photon nr:                15000
