Checking the number of processors available...
16
Architecture:          x86_64
CPU op-mode(s):        32-bit, 64-bit
Byte Order:            Little Endian
CPU(s):                64
On-line CPU(s) list:   0-63
Thread(s) per core:    2
Core(s) per socket:    16
Socket(s):             2
NUMA node(s):          2
Vendor ID:             GenuineIntel
CPU family:            6
Model:                 85
Model name:            Intel(R) Xeon(R) Silver 4216 CPU @ 2.10GHz
Stepping:              7
CPU MHz:               2100.000
BogoMIPS:              4200.00
Virtualization:        VT-x
L1d cache:             32K
L1i cache:             32K
L2 cache:              1024K
L3 cache:              22528K
NUMA node0 CPU(s):     0,2,4,6,8,10,12,14,16,18,20,22,24,26,28,30,32,34,36,38,40,42,44,46,48,50,52,54,56,58,60,62
NUMA node1 CPU(s):     1,3,5,7,9,11,13,15,17,19,21,23,25,27,29,31,33,35,37,39,41,43,45,47,49,51,53,55,57,59,61,63
Flags:                 fpu vme de pse tsc msr pae mce cx8 apic sep mtrr pge mca cmov pat pse36 clflush dts acpi mmx fxsr sse sse2 ss ht tm pbe syscall nx pdpe1gb rdtscp lm constant_tsc art arch_perfmon pebs bts rep_good nopl xtopology nonstop_tsc aperfmperf eagerfpu pni pclmulqdq dtes64 monitor ds_cpl vmx smx est tm2 ssse3 fma cx16 xtpr pdcm pcid dca sse4_1 sse4_2 x2apic movbe popcnt tsc_deadline_timer aes xsave avx f16c rdrand lahf_lm abm 3dnowprefetch epb cat_l3 cdp_l3 intel_pt tpr_shadow vnmi flexpriority ept vpid fsgsbase tsc_adjust bmi1 hle avx2 smep bmi2 erms invpcid rtm cqm mpx rdt_a avx512f avx512dq rdseed adx smap clflushopt clwb avx512cd avx512bw avx512vl xsaveopt xsavec xgetbv1 cqm_llc cqm_occup_llc cqm_mbm_total cqm_mbm_local dtherm ida arat pln pts
[0.7        0.69985417 0.69970833 0.6995625  0.69941667 0.69927083
 0.699125   0.69883333 0.69854167 0.69825    0.69766667 0.69708333
 0.6965     0.69533333 0.69416667 0.693      0.69066667 0.68833333
 0.686      0.68366667 0.68133333 0.679      0.67666667 0.67433333
 0.672      0.66966667 0.66733333 0.665      0.66266667 0.66033333
 0.658      0.65566667 0.65333333 0.651      0.64866667 0.64633333
 0.644      0.64166667 0.63933333 0.637      0.63466667 0.63233333
 0.63       0.62766667 0.62533333 0.623      0.62066667 0.61833333
 0.616      0.61366667 0.61133333 0.609      0.60666667 0.60433333
 0.602      0.59966667 0.59733333 0.595      0.59266667 0.59033333
 0.588      0.58566667 0.58333333 0.581      0.57866667 0.57633333
 0.574      0.57166667 0.56933333 0.567      0.56466667 0.56233333
 0.56       0.55766667 0.55533333 0.553      0.55066667 0.54833333
 0.546      0.54366667 0.54133333 0.539      0.53666667 0.53433333
 0.532      0.52966667 0.52733333 0.525      0.52266667 0.52033333
 0.518      0.51566667 0.51333333 0.511      0.50866667 0.50633333
 0.504      0.50166667 0.49933333 0.497      0.49466667 0.49233333
 0.49       0.48766667 0.48533333 0.483      0.48066667 0.47833333
 0.476      0.47366667 0.47133333 0.469      0.46666667 0.46433333
 0.462      0.45966667 0.45733333 0.455      0.45266667 0.45033333
 0.448      0.44566667 0.44333333 0.441      0.43866667 0.43633333
 0.434      0.43166667 0.42933333 0.427      0.42466667 0.42233333
 0.42       0.41766667 0.41533333 0.413      0.41066667 0.40833333
 0.406      0.40366667 0.40133333 0.399      0.39666667 0.39433333
 0.392      0.38966667 0.38733333 0.385      0.38266667 0.38033333
 0.378      0.37566667 0.37333333 0.371      0.36866667 0.36633333
 0.364      0.36166667 0.35933333 0.357      0.35466667 0.35233333
 0.35       0.34766667 0.34533333 0.343      0.34066667 0.33833333
 0.336      0.33366667 0.33133333 0.329      0.32666667 0.32433333
 0.322      0.31966667 0.31733333 0.315      0.31266667 0.31033333
 0.308      0.30566667 0.30333333 0.301      0.29866667 0.29633333
 0.294      0.29166667 0.28933333 0.287      0.28466667 0.28233333
 0.28       0.27766667 0.27533333 0.273      0.27066667 0.26833333
 0.266      0.26366667 0.26133333 0.259      0.25666667 0.25433333
 0.252      0.24966667 0.24733333 0.245      0.24266667 0.24033333
 0.238      0.23566667 0.23333333 0.231      0.22866667 0.22633333
 0.224      0.22166667 0.21933333 0.217      0.21466667 0.21233333
 0.21       0.20766667 0.20533333 0.203      0.20066667 0.19833333
 0.196      0.19366667 0.19133333 0.189      0.18666667 0.18433333
 0.182      0.17966667 0.17733333 0.175      0.17266667 0.17033333
 0.168      0.16566667 0.16333333 0.161      0.15866667 0.15633333
 0.154      0.15166667 0.14933333 0.147      0.14466667 0.14233333
 0.14       0.13766667 0.13533333 0.133      0.13066667 0.12833333
 0.126      0.12366667 0.12133333 0.119      0.11666667 0.11433333
 0.112      0.10966667 0.10733333 0.105      0.10266667 0.10033333
 0.098      0.09566667 0.09333333 0.091      0.08866667 0.08633333
 0.084      0.08166667 0.07933333 0.077      0.07466667 0.07233333
 0.07       0.06766667 0.06533333 0.063      0.06066667 0.05833333
 0.056      0.05366667 0.05133333 0.049      0.04666667 0.04433333
 0.042      0.03966667 0.03733333 0.035      0.03266667 0.03033333
 0.028      0.02566667 0.02333333 0.021      0.01866667 0.01633333
 0.014      0.01166667 0.00933333 0.007      0.00466667 0.00233333
 0.        ]
the number of phi grid cells are 300
The number of theta grid cells are 312
  
 ================================================================
      WELCOME TO RADMC-3D: A 3-D CONTINUUM AND LINE RT SOLVER    
                                                                 
                          VERSION 2.0                            
                                                                 
                (c) 2008-2023 Cornelis Dullemond                 
                                                                 
       Please feel free to ask questions. Also please report     
        bugs and/or suspicious behavior without hestitation.     
      The reliability of this code depends on your vigilance!    
                    dullemond@uni-heidelberg.de                  
                                                                 
   To keep up-to-date with bug-alarms and bugfixes, follow the   
                     RADMC-3D code on github                     
             https://github.com/dullemond/radmc3d-2.0            
                                                                 
              Please visit the RADMC-3D home page at             
  http://www.ita.uni-heidelberg.de/~dullemond/software/radmc-3d/ 
 ================================================================
  
 Number of processors:           16
 Number of threads in use:           16
 Reading global frequencies/wavelengths...
 Reading grid file and prepare grid tree...
    Adjusting theta(ny+1) to exactly pi/2...
    Adjusting phi(nz+1) to exactly 2*pi...
 Reading star data...
 Notice: Found a star inside the spherical coordinate grid.
         That is perfectly fine, just be aware of this.
 Note: Please be aware that you treat the star(s) as
       point source(s) while using spherical coordinate mode.
       Since R_*<<R_in this is probably OK, but if you want
       to play safe, then set istar_sphere = 1 in radmc3d.inp.
 Note: Star 1 is taken to be a blackbody star
       at a temperature T = 7650. Kelvin
 Note: Star 2 is taken to be a blackbody star
       at a temperature T = 1200. Kelvin
 Grid information (current status):
   We have 28080000 branches, of which 28080000 are actual grid cells.
   ---> -52.955% mem use for branches, and -52.955% mem use for actual cells.
   No grid refinement is active. The AMR tree is not allocated (this saves memory).
 Reading the heat source spatial distribution...
 Using mirror symmetry in equatorial plane, because max(theta)==pi/2.
 Beware: The OpenMP-parallel acceleration of RADMC-3D has 
         not yet been tested with all of the modes and
         features that RADMC-3D offers. Please check 
         your parallel results against the serial version
         (i.e. compiling without -fopenmp). 
 Reading dust data...
 Reading dust densities...
 Dust mass in species            1  =    1.2774627267210855E-005  Msun
 Dust mass in species            2  =    1.2697127862202682E-003  Msun
 Dust mass total =    1.2824874134874792E-003  Msun
 Using dust scattering mode            1
 Computing emissivity database...
 Computing total input luminosities...
 Modified Random Walk mode is switched ON
  
 Starting the thermal Monte Carlo simulation....
 Thread Nr          11 of          16 threads in total
 Thread Nr           0 of          16 threads in total
 Thread Nr           8 of          16 threads in total
 Thread Nr           2 of          16 threads in total
 Thread Nr          12 of          16 threads in total
 Thread Nr          15 of          16 threads in total
 Thread Nr          13 of          16 threads in total
 Thread Nr           3 of          16 threads in total
 Thread Nr           7 of          16 threads in total
 Thread Nr           4 of          16 threads in total
 Thread Nr          14 of          16 threads in total
 Thread Nr           1 of          16 threads in total
 Thread Nr           6 of          16 threads in total
 Thread Nr           9 of          16 threads in total
 Thread Nr          10 of          16 threads in total
 Thread Nr           5 of          16 threads in total
 Thread:           5 Photon nr:                 1000
 Thread:           2 Photon nr:                 2000
 Thread:           2 Photon nr:                 3000
 Thread:           9 Photon nr:                 4000
 Thread:           9 Photon nr:                 5000
 Thread:           9 Photon nr:                 6000
 Thread:          13 Photon nr:                 7000
 Thread:          14 Photon nr:                 8000
 Thread:          14 Photon nr:                 9000
 Thread:           9 Photon nr:                10000
 Thread:           1 Photon nr:                11000
 Thread:           2 Photon nr:                12000
 Thread:           9 Photon nr:                13000
 Thread:           6 Photon nr:                14000
 Thread:          13 Photon nr:                15000
 Thread:           9 Photon nr:                16000
 Thread:          11 Photon nr:                17000
 Thread:           9 Photon nr:                18000
 Thread:           1 Photon nr:                19000
 Thread:           7 Photon nr:                20000
 Thread:          12 Photon nr:                21000
 Thread:           7 Photon nr:                22000
 Thread:          14 Photon nr:                23000
 Thread:           9 Photon nr:                24000
 Thread:           0 Photon nr:                25000
 Thread:          10 Photon nr:                26000
 Thread:           4 Photon nr:                27000
 Thread:           7 Photon nr:                28000
 Thread:           9 Photon nr:                29000
 Thread:          14 Photon nr:                30000
 Thread:           3 Photon nr:                31000
 Thread:           1 Photon nr:                32000
 Thread:          11 Photon nr:                33000
 Thread:           0 Photon nr:                34000
 Thread:           6 Photon nr:                35000
 Thread:          10 Photon nr:                36000
 Thread:           2 Photon nr:                37000
 Thread:          11 Photon nr:                38000
 Thread:           1 Photon nr:                39000
 Thread:          15 Photon nr:                40000
 Thread:           9 Photon nr:                41000
 Thread:           2 Photon nr:                42000
 Thread:           9 Photon nr:                43000
 Thread:           2 Photon nr:                44000
 Thread:           2 Photon nr:                45000
 Thread:          13 Photon nr:                46000
 Thread:          14 Photon nr:                47000
 Thread:           9 Photon nr:                48000
 Thread:           7 Photon nr:                49000
 Thread:          10 Photon nr:                50000
 Thread:           9 Photon nr:                51000
 Thread:          15 Photon nr:                52000
 Thread:           9 Photon nr:                53000
 Thread:           8 Photon nr:                54000
 Thread:          11 Photon nr:                55000
 Thread:           1 Photon nr:                56000
 Thread:          11 Photon nr:                57000
 Thread:           9 Photon nr:                58000
 Thread:          15 Photon nr:                59000
 Thread:           4 Photon nr:                60000
 Thread:           5 Photon nr:                61000
 Thread:           9 Photon nr:                62000
 Thread:          15 Photon nr:                63000
 Thread:           6 Photon nr:                64000
 Thread:           9 Photon nr:                65000
 Thread:           9 Photon nr:                66000
 Thread:           1 Photon nr:                67000
 Thread:           9 Photon nr:                68000
 Thread:           9 Photon nr:                69000
 Thread:          14 Photon nr:                70000
 Thread:          10 Photon nr:                71000
 Thread:           1 Photon nr:                72000
 Thread:           2 Photon nr:                73000
 Thread:           2 Photon nr:                74000
 Thread:           9 Photon nr:                75000
 Thread:          12 Photon nr:                76000
 Thread:           2 Photon nr:                77000
 Thread:           4 Photon nr:                78000
 Thread:           2 Photon nr:                79000
 Thread:           9 Photon nr:                80000
 Thread:          15 Photon nr:                81000
 Thread:           9 Photon nr:                82000
 Thread:           9 Photon nr:                83000
 Thread:          15 Photon nr:                84000
 Thread:           2 Photon nr:                85000
 Thread:           2 Photon nr:                86000
 Thread:           9 Photon nr:                87000
 Thread:           6 Photon nr:                88000
 Thread:           9 Photon nr:                89000
 Thread:          15 Photon nr:                90000
 Thread:           9 Photon nr:                91000
 Thread:          15 Photon nr:                92000
 Thread:          14 Photon nr:                93000
 Thread:          12 Photon nr:                94000
 Thread:           5 Photon nr:                95000
 Thread:           4 Photon nr:                96000
 Thread:           4 Photon nr:                97000
 Thread:           4 Photon nr:                98000
 Thread:          10 Photon nr:                99000
 Thread:           3 Photon nr:               100000
 Thread:          15 Photon nr:               101000
 Thread:           6 Photon nr:               102000
 Thread:           9 Photon nr:               103000
 Thread:          15 Photon nr:               104000
 Thread:           0 Photon nr:               105000
 Thread:          15 Photon nr:               106000
 Thread:          10 Photon nr:               107000
 Thread:           2 Photon nr:               108000
 Thread:           9 Photon nr:               109000
 Thread:          10 Photon nr:               110000
 Thread:           2 Photon nr:               111000
 Thread:           2 Photon nr:               112000
 Thread:          10 Photon nr:               113000
 Thread:          14 Photon nr:               114000
 Thread:          14 Photon nr:               115000
 Thread:           9 Photon nr:               116000
 Thread:          13 Photon nr:               117000
 Thread:           9 Photon nr:               118000
 Thread:          14 Photon nr:               119000
 Thread:          15 Photon nr:               120000
 Thread:          10 Photon nr:               121000
 Thread:          14 Photon nr:               122000
 Thread:          14 Photon nr:               123000
 Thread:          13 Photon nr:               124000
 Thread:           3 Photon nr:               125000
 Thread:          12 Photon nr:               126000
 Thread:           2 Photon nr:               127000
 Thread:           4 Photon nr:               128000
 Thread:          12 Photon nr:               129000
 Thread:          11 Photon nr:               130000
 Thread:           6 Photon nr:               131000
 Thread:           9 Photon nr:               132000
 Thread:           9 Photon nr:               133000
 Thread:          15 Photon nr:               134000
 Thread:          10 Photon nr:               135000
 Thread:           2 Photon nr:               136000
 Thread:          15 Photon nr:               137000
 Thread:          15 Photon nr:               138000
 Thread:           2 Photon nr:               139000
 Thread:           9 Photon nr:               140000
 Thread:           1 Photon nr:               141000
 Thread:           6 Photon nr:               142000
 Thread:          14 Photon nr:               143000
 Thread:           4 Photon nr:               144000
 Thread:          15 Photon nr:               145000
 Thread:           2 Photon nr:               146000
 Thread:          10 Photon nr:               147000
 Thread:          12 Photon nr:               148000
 Thread:           4 Photon nr:               149000
 Thread:          15 Photon nr:               150000
 Thread:           9 Photon nr:               151000
 Thread:           9 Photon nr:               152000
 Thread:          15 Photon nr:               153000
 Thread:           2 Photon nr:               154000
 Thread:          10 Photon nr:               155000
 Thread:           4 Photon nr:               156000
 Thread:           1 Photon nr:               157000
 Thread:           2 Photon nr:               158000
 Thread:           9 Photon nr:               159000
 Thread:           2 Photon nr:               160000
 Thread:           4 Photon nr:               161000
 Thread:           2 Photon nr:               162000
 Thread:          14 Photon nr:               163000
 Thread:          15 Photon nr:               164000
 Thread:           9 Photon nr:               165000
 Thread:           5 Photon nr:               166000
 Thread:           2 Photon nr:               167000
 Thread:          15 Photon nr:               168000
 Thread:           9 Photon nr:               169000
 Thread:          15 Photon nr:               170000
 Thread:           2 Photon nr:               171000
 Thread:           3 Photon nr:               172000
 Thread:           9 Photon nr:               173000
 Thread:           5 Photon nr:               174000
 Thread:           2 Photon nr:               175000
 Thread:           2 Photon nr:               176000
 Thread:           2 Photon nr:               177000
 Thread:           1 Photon nr:               178000
 Thread:           2 Photon nr:               179000
 Thread:          15 Photon nr:               180000
 Thread:          14 Photon nr:               181000
 Thread:           5 Photon nr:               182000
 Thread:          14 Photon nr:               183000
 Thread:           0 Photon nr:               184000
 Thread:           1 Photon nr:               185000
 Thread:           2 Photon nr:               186000
 Thread:          14 Photon nr:               187000
 Thread:           1 Photon nr:               188000
 Thread:           2 Photon nr:               189000
 Thread:           4 Photon nr:               190000
 Thread:           2 Photon nr:               191000
 Thread:          14 Photon nr:               192000
 Thread:          12 Photon nr:               193000
 Thread:           4 Photon nr:               194000
 Thread:          10 Photon nr:               195000
 Thread:           2 Photon nr:               196000
 Thread:           2 Photon nr:               197000
 Thread:           1 Photon nr:               198000
 Thread:           9 Photon nr:               199000
 Thread:           1 Photon nr:               200000
 Thread:           2 Photon nr:               201000
 Thread:          10 Photon nr:               202000
 Thread:          12 Photon nr:               203000
 Thread:          14 Photon nr:               204000
 Thread:          14 Photon nr:               205000
 Thread:           2 Photon nr:               206000
 Thread:           2 Photon nr:               207000
 Thread:           2 Photon nr:               208000
 Thread:           2 Photon nr:               209000
 Thread:           9 Photon nr:               210000
 Thread:           9 Photon nr:               211000
 Thread:           9 Photon nr:               212000
 Thread:           0 Photon nr:               213000
 Thread:           6 Photon nr:               214000
 Thread:           1 Photon nr:               215000
 Thread:           2 Photon nr:               216000
 Thread:           5 Photon nr:               217000
 Thread:           4 Photon nr:               218000
 Thread:          13 Photon nr:               219000
 Thread:          15 Photon nr:               220000
 Thread:           2 Photon nr:               221000
 Thread:          15 Photon nr:               222000
 Thread:           3 Photon nr:               223000
 Thread:          15 Photon nr:               224000
 Thread:           9 Photon nr:               225000
 Thread:          10 Photon nr:               226000
 Thread:           8 Photon nr:               227000
 Thread:           9 Photon nr:               228000
 Thread:           9 Photon nr:               229000
 Thread:          15 Photon nr:               230000
 Thread:           9 Photon nr:               231000
 Thread:           0 Photon nr:               232000
 Thread:           4 Photon nr:               233000
 Thread:           2 Photon nr:               234000
 Thread:           1 Photon nr:               235000
 Thread:           9 Photon nr:               236000
 Thread:          15 Photon nr:               237000
 Thread:           9 Photon nr:               238000
 Thread:           2 Photon nr:               239000
 Thread:           9 Photon nr:               240000
 Thread:           2 Photon nr:               241000
 Thread:           9 Photon nr:               242000
 Thread:          15 Photon nr:               243000
 Thread:           2 Photon nr:               244000
 Thread:           5 Photon nr:               245000
 Thread:          15 Photon nr:               246000
 Thread:          15 Photon nr:               247000
 Thread:           9 Photon nr:               248000
 Thread:           4 Photon nr:               249000
 Thread:           2 Photon nr:               250000
 Thread:           3 Photon nr:               251000
 Thread:           4 Photon nr:               252000
 Thread:           9 Photon nr:               253000
 Thread:           9 Photon nr:               254000
 Thread:           2 Photon nr:               255000
 Thread:           9 Photon nr:               256000
 Thread:          10 Photon nr:               257000
 Thread:           9 Photon nr:               258000
 Thread:           2 Photon nr:               259000
 Thread:           4 Photon nr:               260000
 Thread:           9 Photon nr:               261000
 Thread:           2 Photon nr:               262000
 Thread:          13 Photon nr:               263000
 Thread:           9 Photon nr:               264000
 Thread:          15 Photon nr:               265000
 Thread:           9 Photon nr:               266000
 Thread:          15 Photon nr:               267000
 Thread:           5 Photon nr:               268000
 Thread:           9 Photon nr:               269000
 Thread:          10 Photon nr:               270000
 Thread:           0 Photon nr:               271000
 Thread:           2 Photon nr:               272000
 Thread:          14 Photon nr:               273000
 Thread:           3 Photon nr:               274000
 Thread:           8 Photon nr:               275000
 Thread:           2 Photon nr:               276000
 Thread:           2 Photon nr:               277000
 Thread:           2 Photon nr:               278000
 Thread:           2 Photon nr:               279000
 Thread:           2 Photon nr:               280000
 Thread:           3 Photon nr:               281000
 Thread:          10 Photon nr:               282000
 Thread:          15 Photon nr:               283000
 Thread:          15 Photon nr:               284000
 Thread:          14 Photon nr:               285000
 Thread:           2 Photon nr:               286000
 Thread:           6 Photon nr:               287000
 Thread:           9 Photon nr:               288000
 Thread:          14 Photon nr:               289000
 Thread:           6 Photon nr:               290000
 Thread:           2 Photon nr:               291000
 Thread:           2 Photon nr:               292000
 Thread:           5 Photon nr:               293000
 Thread:           2 Photon nr:               294000
 Thread:          15 Photon nr:               295000
 Thread:           1 Photon nr:               296000
 Thread:           1 Photon nr:               297000
 Thread:           1 Photon nr:               298000
 Thread:           8 Photon nr:               299000
 Thread:           2 Photon nr:               300000
 Thread:           9 Photon nr:               301000
 Thread:           8 Photon nr:               302000
 Thread:           2 Photon nr:               303000
 Thread:          14 Photon nr:               304000
 Thread:          11 Photon nr:               305000
 Thread:           2 Photon nr:               306000
 Thread:           2 Photon nr:               307000
 Thread:          15 Photon nr:               308000
 Thread:          14 Photon nr:               309000
 Thread:           7 Photon nr:               310000
 Thread:           2 Photon nr:               311000
 Thread:           0 Photon nr:               312000
 Thread:          10 Photon nr:               313000
 Thread:           8 Photon nr:               314000
 Thread:           2 Photon nr:               315000
 Thread:          14 Photon nr:               316000
 Thread:           2 Photon nr:               317000
 Thread:           6 Photon nr:               318000
 Thread:          15 Photon nr:               319000
 Thread:          15 Photon nr:               320000
 Thread:           2 Photon nr:               321000
 Thread:          10 Photon nr:               322000
 Thread:           2 Photon nr:               323000
 Thread:           2 Photon nr:               324000
 Thread:           9 Photon nr:               325000
 Thread:          10 Photon nr:               326000
 Thread:           4 Photon nr:               327000
 Thread:          15 Photon nr:               328000
 Thread:          15 Photon nr:               329000
 Thread:           4 Photon nr:               330000
 Thread:          15 Photon nr:               331000
 Thread:          10 Photon nr:               332000
 Thread:          15 Photon nr:               333000
 Thread:          14 Photon nr:               334000
 Thread:           1 Photon nr:               335000
 Thread:           2 Photon nr:               336000
 Thread:           1 Photon nr:               337000
 Thread:          15 Photon nr:               338000
 Thread:           2 Photon nr:               339000
 Thread:           2 Photon nr:               340000
 Thread:          14 Photon nr:               341000
 Thread:           2 Photon nr:               342000
 Thread:           2 Photon nr:               343000
 Thread:           5 Photon nr:               344000
 Thread:          12 Photon nr:               345000
 Thread:           2 Photon nr:               346000
 Thread:          14 Photon nr:               347000
 Thread:           2 Photon nr:               348000
 Thread:           6 Photon nr:               349000
 Thread:           9 Photon nr:               350000
 Thread:           1 Photon nr:               351000
 Thread:           5 Photon nr:               352000
 Thread:           2 Photon nr:               353000
 Thread:           0 Photon nr:               354000
 Thread:          14 Photon nr:               355000
 Thread:           2 Photon nr:               356000
 Thread:           4 Photon nr:               357000
 Thread:          14 Photon nr:               358000
 Thread:           1 Photon nr:               359000
 Thread:          15 Photon nr:               360000
 Thread:          15 Photon nr:               361000
 Thread:           2 Photon nr:               362000
 Thread:           1 Photon nr:               363000
 Thread:          15 Photon nr:               364000
 Thread:           2 Photon nr:               365000
 Thread:           4 Photon nr:               366000
 Thread:           0 Photon nr:               367000
 Thread:           2 Photon nr:               368000
 Thread:           2 Photon nr:               369000
 Thread:           0 Photon nr:               370000
 Thread:          14 Photon nr:               371000
 Thread:          15 Photon nr:               372000
 Thread:          10 Photon nr:               373000
 Thread:          14 Photon nr:               374000
 Thread:          13 Photon nr:               375000
 Thread:           0 Photon nr:               376000
 Thread:          15 Photon nr:               377000
 Thread:           1 Photon nr:               378000
 Thread:          15 Photon nr:               379000
 Thread:           2 Photon nr:               380000
 Thread:          15 Photon nr:               381000
 Thread:          15 Photon nr:               382000
 Thread:          15 Photon nr:               383000
 Thread:           6 Photon nr:               384000
 Thread:           2 Photon nr:               385000
 Thread:          10 Photon nr:               386000
 Thread:          11 Photon nr:               387000
 Thread:           5 Photon nr:               388000
 Thread:           2 Photon nr:               389000
 Thread:           2 Photon nr:               390000
 Thread:          15 Photon nr:               391000
 Thread:          11 Photon nr:               392000
 Thread:           2 Photon nr:               393000
 Thread:           1 Photon nr:               394000
 Thread:           2 Photon nr:               395000
 Thread:           2 Photon nr:               396000
 Thread:          11 Photon nr:               397000
 Thread:          10 Photon nr:               398000
 Thread:          15 Photon nr:               399000
 Thread:          13 Photon nr:               400000
 Thread:          15 Photon nr:               401000
 Thread:           5 Photon nr:               402000
 Thread:          15 Photon nr:               403000
 Thread:           2 Photon nr:               404000
 Thread:           2 Photon nr:               405000
 Thread:           6 Photon nr:               406000
 Thread:           0 Photon nr:               407000
 Thread:          15 Photon nr:               408000
 Thread:          14 Photon nr:               409000
 Thread:           2 Photon nr:               410000
 Thread:           9 Photon nr:               411000
 Thread:          15 Photon nr:               412000
 Thread:          14 Photon nr:               413000
 Thread:           0 Photon nr:               414000
 Thread:           4 Photon nr:               415000
 Thread:           5 Photon nr:               416000
 Thread:          15 Photon nr:               417000
 Thread:           2 Photon nr:               418000
 Thread:           4 Photon nr:               419000
 Thread:          14 Photon nr:               420000
 Thread:           0 Photon nr:               421000
 Thread:           2 Photon nr:               422000
 Thread:           2 Photon nr:               423000
 Thread:          15 Photon nr:               424000
 Thread:           5 Photon nr:               425000
 Thread:          13 Photon nr:               426000
 Thread:          14 Photon nr:               427000
 Thread:          14 Photon nr:               428000
 Thread:           2 Photon nr:               429000
 Thread:           5 Photon nr:               430000
 Thread:           3 Photon nr:               431000
 Thread:          15 Photon nr:               432000
 Thread:           2 Photon nr:               433000
 Thread:          10 Photon nr:               434000
 Thread:           2 Photon nr:               435000
 Thread:          15 Photon nr:               436000
 Thread:           3 Photon nr:               437000
 Thread:           1 Photon nr:               438000
 Thread:           2 Photon nr:               439000
 Thread:           8 Photon nr:               440000
 Thread:          15 Photon nr:               441000
 Thread:           1 Photon nr:               442000
 Thread:           2 Photon nr:               443000
 Thread:          14 Photon nr:               444000
 Thread:          14 Photon nr:               445000
 Thread:          10 Photon nr:               446000
 Thread:           6 Photon nr:               447000
 Thread:           7 Photon nr:               448000
 Thread:          10 Photon nr:               449000
 Thread:          15 Photon nr:               450000
 Thread:           4 Photon nr:               451000
 Thread:          12 Photon nr:               452000
 Thread:           2 Photon nr:               453000
 Thread:           4 Photon nr:               454000
 Thread:           2 Photon nr:               455000
 Thread:          15 Photon nr:               456000
 Thread:           2 Photon nr:               457000
