           1
         100
  
  0.3500000000000E+03   0.5425114815752E-21
  0.3610043377289E+03   0.5446802755572E-21
  0.3723546624546E+03   0.9335448255868E-21
  0.3840618523420E+03   0.5995782567506E-21
  0.3961371275762E+03   0.3469471974067E-21
  0.4085920611157E+03   0.3245499097039E-21
  0.4214385897840E+03   0.3329594692867E-21
  0.4346890257097E+03   0.2814056851924E-21
  0.4483560681267E+03   0.2660187129685E-21
  0.4624528155453E+03   0.4519438381384E-21
  0.4769927783051E+03   0.2014243711615E-21
  0.4919898915244E+03   0.1830505374975E-21
  0.5074585284546E+03   0.1457112584592E-21
  0.5234135142561E+03   0.3413644579483E-21
  0.5398701402069E+03   0.1347241098215E-21
  0.5568441783572E+03   0.2963927608840E-21
  0.5743518966459E+03   0.1269603196151E-21
  0.5924100744915E+03   0.2457548336839E-21
  0.6110360188735E+03   0.4978227123619E-21
  0.6302475809199E+03   0.1074236466356E-21
  0.6500631730150E+03   0.1235758636720E-21
  0.6705017864465E+03   0.1139217141468E-21
  0.6915830096062E+03   0.1276949018940E-21
  0.7133270467643E+03   0.7238776129748E-22
  0.7357547374322E+03   0.1130015896789E-21
  0.7588875763361E+03   0.2616437615890E-21
  0.7827477340170E+03   0.8390834087405E-22
  0.8073580780790E+03   0.8228747519523E-22
  0.8327421951057E+03   0.1310115952578E-21
  0.8589244132660E+03   0.7193854360614E-22
  0.8859298256294E+03   0.1329018911795E-21
  0.9137843142162E+03   0.1090191170147E-21
  0.9425145748021E+03   0.9452760491048E-22
  0.9721481425037E+03   0.3944170910931E-22
  0.1002713418168E+04   0.6289076510255E-22
  0.1034239695594E+04   0.8433957618004E-22
  0.1066757189602E+04   0.6365478945158E-22
  0.1100297065000E+04   0.3772093218798E-22
  0.1134891466444E+04   0.4160885600299E-22
  0.1170573549251E+04   0.3518084117980E-22
  0.1207377511173E+04   0.3243032853787E-22
  0.1245338625170E+04   0.3146212758062E-22
  0.1284493273223E+04   0.2869440562466E-22
  0.1324878981192E+04   0.2750561376381E-22
  0.1366534454789E+04   0.2263597996709E-22
  0.1409499616671E+04   0.3023375250542E-22
  0.1453815644701E+04   0.2208471538458E-22
  0.1499525011415E+04   0.2468870507628E-22
  0.1546671524726E+04   0.1802048799126E-22
  0.1595300369908E+04   0.2050125902935E-22
  0.1645458152907E+04   0.1900509435049E-22
  0.1697192945002E+04   0.1554225568071E-22
  0.1750554328882E+04   0.1586400302999E-22
  0.1805593446162E+04   0.1547276125301E-22
  0.1862363046398E+04   0.1344320368726E-22
  0.1920917537645E+04   0.1207167440063E-22
  0.1981313038599E+04   0.1283754962154E-22
  0.2043607432380E+04   0.1095429748963E-22
  0.2107860422012E+04   0.1165080139409E-22
  0.2174133587639E+04   0.1087171372079E-22
  0.2242490445542E+04   0.1124431075497E-22
  0.2312996509019E+04   0.8399508443363E-23
  0.2385719351165E+04   0.7082937661298E-23
  0.2460728669641E+04   0.8183240596094E-23
  0.2538096353469E+04   0.6819707631817E-23
  0.2617896551933E+04   0.6396867830009E-23
  0.2700205745638E+04   0.6221707646120E-23
  0.2785102819817E+04   0.6002020063521E-23
  0.2872669139929E+04   0.5185734382245E-23
  0.2962988629641E+04   0.5324373239844E-23
  0.3056147851263E+04   0.4588929701037E-23
  0.3152236088705E+04   0.4461726746982E-23
  0.3251345433052E+04   0.4253133906044E-23
  0.3353570870820E+04   0.3790856833984E-23
  0.3459010374993E+04   0.3403296945728E-23
  0.3567764998920E+04   0.3312871703778E-23
  0.3679938973164E+04   0.3003914814576E-23
  0.3795639805400E+04   0.2879044495785E-23
  0.3914978383446E+04   0.2482709729006E-23
  0.4038069081540E+04   0.2404629792592E-23
  0.4165029869958E+04   0.2239745120972E-23
  0.4295982428072E+04   0.2089163736168E-23
  0.4431052260975E+04   0.2003627355010E-23
  0.4570368819759E+04   0.1861664224083E-23
  0.4714065625584E+04   0.1694549943661E-23
  0.4862280397642E+04   0.1629939569990E-23
  0.5015155185152E+04   0.1519788030325E-23
  0.5172836503496E+04   0.1425796272777E-23
  0.5335475474642E+04   0.1380947831892E-23
  0.5503227971977E+04   0.1300092775187E-23
  0.5676254769700E+04   0.1235068964662E-23
  0.5854721696904E+04   0.1181738063386E-23
  0.6038799796509E+04   0.1112038247674E-23
  0.6228665489189E+04   0.1059235507769E-23
  0.6424500742457E+04   0.1008530659939E-23
  0.6626493245056E+04   0.9609307169043E-24
  0.6834836586848E+04   0.9139032275453E-24
  0.7049730444345E+04   0.8830761800787E-24
  0.7271380772081E+04   0.8430098431561E-24
  0.7500000000000E+04   0.8084200086954E-24
