           1
         150
  
  0.1000000000000E+00   0.1113951001104E-31
  0.1317944000000E+00   0.1026889941795E-26
  0.1736977000000E+00   0.3262822226000E-24
  0.2289238000000E+00   0.2111166832560E-22
  0.3017088000000E+00   0.4099279122306E-21
  0.3976354000000E+00   0.3225223840356E-20
  0.5240612000000E+00   0.1239114896078E-19
  0.6906834000000E+00   0.2859763449652E-19
  0.9102821000000E+00   0.4382204797700E-19
  0.1199701000000E+01   0.5052112851443E-19
  0.1581139000000E+01   0.4791097793738E-19
  0.2083853000000E+01   0.3937763644424E-19
  0.2746401000000E+01   0.2945356579180E-19
  0.3619604000000E+01   0.2025428109054E-19
  0.4770435000000E+01   0.1349584958540E-19
  0.6287167000000E+01   0.9415150547422E-20
  0.8286135000000E+01   0.1511855648065E-19
  0.1092066000000E+02   0.8570914642310E-19
  0.1439282000000E+02   0.9254851804673E-19
  0.1896894000000E+02   0.1754165202883E-18
  0.2500000000000E+02   0.1699561941003E-18
  0.2699438000000E+02   0.1643950972018E-18
  0.2914786000000E+02   0.1597760927452E-18
  0.3147314000000E+02   0.1579047062492E-18
  0.3398391000000E+02   0.1505389192881E-18
  0.3669498000000E+02   0.1469764775621E-18
  0.3962233000000E+02   0.1431088187793E-18
  0.4278321000000E+02   0.1373437197730E-18
  0.4619624000000E+02   0.1384150225969E-18
  0.4988156000000E+02   0.1363601193566E-18
  0.5386087000000E+02   0.1263008626740E-18
  0.5815763000000E+02   0.1430129194871E-18
  0.6279716000000E+02   0.1224478124205E-18
  0.6780681000000E+02   0.1283391776644E-18
  0.7321611000000E+02   0.1405351378868E-18
  0.7905694000000E+02   0.1410078651935E-18
  0.8536372000000E+02   0.1270989522906E-18
  0.9217363000000E+02   0.1507164471028E-18
  0.9952679000000E+02   0.1327643593099E-18
  0.1074666000000E+03   0.1438403581452E-18
  0.1160397000000E+03   0.1530435607288E-18
  0.1252968000000E+03   0.1614674049315E-18
  0.1352924000000E+03   0.1636934679329E-18
  0.1460854000000E+03   0.1859501611976E-18
  0.1577393000000E+03   0.1898119563622E-18
  0.1703230000000E+03   0.2183225223033E-18
  0.1839106000000E+03   0.2096984551151E-18
  0.1985821000000E+03   0.2213466492160E-18
  0.2144240000000E+03   0.2213658296030E-18
  0.2315297000000E+03   0.2249418154220E-18
  0.2500000000000E+03   0.2228106927946E-18
  0.2594911000000E+03   0.2259284353851E-18
  0.2693425000000E+03   0.2325872015121E-18
  0.2795679000000E+03   0.2324163653048E-18
  0.2901815000000E+03   0.2312530948138E-18
  0.3011980000000E+03   0.2355876251797E-18
  0.3126328000000E+03   0.2422064844988E-18
  0.3245017000000E+03   0.2436045122161E-18
  0.3368212000000E+03   0.2435190629842E-18
  0.3496084000000E+03   0.2471098017590E-18
  0.3628810000000E+03   0.2266822672357E-18
  0.3766575000000E+03   0.2371047400428E-18
  0.3909571000000E+03   0.2294206891376E-18
  0.4057995000000E+03   0.2153302249406E-18
  0.4212054000000E+03   0.2041714135598E-18
  0.4371962000000E+03   0.2142380115546E-18
  0.4537940000000E+03   0.2137487552026E-18
  0.4710220000000E+03   0.1844475173120E-18
  0.4889041000000E+03   0.1688696776684E-18
  0.5074650000000E+03   0.1477827614195E-18
  0.5267305000000E+03   0.1322956541577E-18
  0.5467275000000E+03   0.1202956732389E-18
  0.5674836000000E+03   0.1162081777313E-18
  0.5890278000000E+03   0.1232199597560E-18
  0.6113898000000E+03   0.1198862691454E-18
  0.6346008000000E+03   0.1151423980151E-18
  0.6586930000000E+03   0.1295227597610E-18
  0.6836998000000E+03   0.1189186124011E-18
  0.7096560000000E+03   0.1128480110423E-18
  0.7365976000000E+03   0.9868074227338E-19
  0.7645620000000E+03   0.9095092444178E-19
  0.7935881000000E+03   0.8210886412115E-19
  0.8237162000000E+03   0.6673425848203E-19
  0.8549880000000E+03   0.5503222141818E-19
  0.8874470000000E+03   0.4627530077505E-19
  0.9211383000000E+03   0.3749148670482E-19
  0.9561087000000E+03   0.3232310643569E-19
  0.9924067000000E+03   0.2762508512361E-19
  0.1030083000000E+04   0.2212694447229E-19
  0.1069189000000E+04   0.1866120251021E-19
  0.1109780000000E+04   0.1593891984591E-19
  0.1151912000000E+04   0.1290374842219E-19
  0.1195644000000E+04   0.1056052244070E-19
  0.1241036000000E+04   0.8771806122229E-20
  0.1288151000000E+04   0.7399018575254E-20
  0.1337054000000E+04   0.6228572299543E-20
  0.1387815000000E+04   0.5159135128305E-20
  0.1440502000000E+04   0.4331145496316E-20
  0.1495190000000E+04   0.3716185442288E-20
  0.1551954000000E+04   0.3045370238994E-20
  0.1610873000000E+04   0.2580980718619E-20
  0.1672028000000E+04   0.2138931575873E-20
  0.1735506000000E+04   0.1811601547195E-20
  0.1801393000000E+04   0.1542450139681E-20
  0.1869782000000E+04   0.1311820809651E-20
  0.1940767000000E+04   0.1140001234452E-20
  0.2014447000000E+04   0.9528735264458E-21
  0.2090924000000E+04   0.7973995114276E-21
  0.2170304000000E+04   0.6953465171616E-21
  0.2252698000000E+04   0.5951698140803E-21
  0.2338220000000E+04   0.5035056027345E-21
  0.2426989000000E+04   0.4215890046564E-21
  0.2519128000000E+04   0.3709870894734E-21
  0.2614765000000E+04   0.3128027907446E-21
  0.2714033000000E+04   0.2731311268457E-21
  0.2817070000000E+04   0.2360481942942E-21
  0.2924018000000E+04   0.2021373258891E-21
  0.3035026000000E+04   0.1715484868877E-21
  0.3150249000000E+04   0.1476839201901E-21
  0.3269846000000E+04   0.1273852111813E-21
  0.3393983000000E+04   0.1098870856453E-21
  0.3522834000000E+04   0.9348329272609E-22
  0.3656576000000E+04   0.7933823764948E-22
  0.3795395000000E+04   0.7013642384250E-22
  0.3939485000000E+04   0.5941402248559E-22
  0.4089044000000E+04   0.5206833304252E-22
  0.4244282000000E+04   0.4434439130861E-22
  0.4405413000000E+04   0.3886620512922E-22
  0.4572662000000E+04   0.3334383814474E-22
  0.4746260000000E+04   0.2882455989235E-22
  0.4926448000000E+04   0.2449503494014E-22
  0.5113478000000E+04   0.2121302527283E-22
  0.5307607000000E+04   0.1816642085922E-22
  0.5509107000000E+04   0.1563034383896E-22
  0.5718257000000E+04   0.1341865120613E-22
  0.5935346000000E+04   0.1160665817256E-22
  0.6160678000000E+04   0.9998616388753E-23
  0.6394564000000E+04   0.8619969483934E-23
  0.6637329000000E+04   0.7443944583399E-23
  0.6889310000000E+04   0.6417555021515E-23
  0.7150858000000E+04   0.5536365303218E-23
  0.7422336000000E+04   0.4778588207102E-23
  0.7704120000000E+04   0.4127287618289E-23
  0.7996602000000E+04   0.3552261191690E-23
  0.8300187000000E+04   0.3055691605349E-23
  0.8615298000000E+04   0.2635323023604E-23
  0.8942372000000E+04   0.2273094491211E-23
  0.9281863000000E+04   0.1958380647694E-23
  0.9634243000000E+04   0.1689730221177E-23
  0.1000000000000E+05   0.1452541696578E-23
